This file contains any messages produced by compilers while
running configure, to aid debugging if configure makes a mistake.

It was created by configure, which was
generated by GNU Autoconf 2.69.  Invocation command line was

  $ ./configure --with-problem=besphere_tracer --enable-starparticle --with-gas=hydro --with-eos=isothermal --enable-fft --with-flux=hllc --with-integrator=vl --with-gravity=fft_obc --with-order=2p --enable-mctracers

## --------- ##
## Platform. ##
## --------- ##

hostname = Elizabeths-MacBook-Pro.local
uname -m = x86_64
uname -r = 13.4.0
uname -s = Darwin
uname -v = Darwin Kernel Version 13.4.0: Sun Aug 17 19:50:11 PDT 2014; root:xnu-2422.115.4~1/RELEASE_X86_64

/usr/bin/uname -p = i386
/bin/uname -X     = unknown

/bin/arch              = unknown
/usr/bin/arch -k       = unknown
/usr/convex/getsysinfo = unknown
/usr/bin/hostinfo      = Mach kernel version:
	 Darwin Kernel Version 13.4.0: Sun Aug 17 19:50:11 PDT 2014; root:xnu-2422.115.4~1/RELEASE_X86_64
Kernel configured for up to 4 processors.
2 processors are physically available.
4 processors are logically available.
Processor type: i486 (Intel 80486)
Processors active: 0 1 2 3
Primary memory available: 4.00 gigabytes
Default processor set: 187 tasks, 889 threads, 4 processors
Load average: 2.45, Mach factor: 1.53
/bin/machine           = unknown
/usr/bin/oslevel       = unknown
/bin/universe          = unknown

PATH: /usr/local/bin
PATH: /Users/elizabethpaul/anaconda/bin
PATH: /usr/local/bin
PATH: /usr/bin
PATH: /bin
PATH: /usr/sbin
PATH: /sbin
PATH: /opt/X11/bin
PATH: /usr/X11/bin
PATH: /usr/local/git/bin
PATH: /usr/texbin


## ----------- ##
## Core tests. ##
## ----------- ##

configure:2157: checking for gcc
configure:2173: found /usr/bin/gcc
configure:2184: result: gcc
configure:2413: checking for C compiler version
configure:2422: gcc --version >&5
Apple LLVM version 6.0 (clang-600.0.57) (based on LLVM 3.5svn)
Target: x86_64-apple-darwin13.4.0
Thread model: posix
Configured with: --prefix=/Applications/Xcode.app/Contents/Developer/usr --with-gxx-include-dir=/usr/include/c++/4.2.1
configure:2433: $? = 0
configure:2422: gcc -v >&5
Configured with: --prefix=/Applications/Xcode.app/Contents/Developer/usr --with-gxx-include-dir=/usr/include/c++/4.2.1
Apple LLVM version 6.0 (clang-600.0.57) (based on LLVM 3.5svn)
Target: x86_64-apple-darwin13.4.0
Thread model: posix
configure:2433: $? = 0
configure:2422: gcc -V >&5
clang: error: argument to '-V' is missing (expected 1 value)
clang: error: no input files
configure:2433: $? = 1
configure:2422: gcc -qversion >&5
clang: error: unknown argument: '-qversion'
clang: error: no input files
configure:2433: $? = 1
configure:2453: checking whether the C compiler works
configure:2475: gcc    conftest.c  >&5
configure:2479: $? = 0
configure:2527: result: yes
configure:2530: checking for C compiler default output file name
configure:2532: result: a.out
configure:2538: checking for suffix of executables
configure:2545: gcc -o conftest    conftest.c  >&5
configure:2549: $? = 0
configure:2571: result: 
configure:2593: checking whether we are cross compiling
configure:2601: gcc -o conftest    conftest.c  >&5
configure:2605: $? = 0
configure:2612: ./conftest
configure:2616: $? = 0
configure:2631: result: no
configure:2636: checking for suffix of object files
configure:2658: gcc -c   conftest.c >&5
configure:2662: $? = 0
configure:2683: result: o
configure:2687: checking whether we are using the GNU C compiler
configure:2706: gcc -c   conftest.c >&5
configure:2706: $? = 0
configure:2715: result: yes
configure:2724: checking whether gcc accepts -g
configure:2744: gcc -c -g  conftest.c >&5
configure:2744: $? = 0
configure:2785: result: yes
configure:2802: checking for gcc option to accept ISO C89
configure:2865: gcc  -c -g -O2  conftest.c >&5
configure:2865: $? = 0
configure:2878: result: none needed
configure:2941: checking for a BSD-compatible install
configure:3009: result: /usr/bin/install -c
configure:3783: checking how to run the C preprocessor
configure:3814: gcc -E  conftest.c
configure:3814: $? = 0
configure:3828: gcc -E  conftest.c
conftest.c:9:10: fatal error: 'ac_nonexistent.h' file not found
#include <ac_nonexistent.h>
         ^
1 error generated.
configure:3828: $? = 1
configure: failed program was:
| /* confdefs.h */
| #define PACKAGE_NAME ""
| #define PACKAGE_TARNAME ""
| #define PACKAGE_VERSION ""
| #define PACKAGE_STRING ""
| #define PACKAGE_BUGREPORT ""
| #define PACKAGE_URL ""
| /* end confdefs.h.  */
| #include <ac_nonexistent.h>
configure:3853: result: gcc -E
configure:3873: gcc -E  conftest.c
configure:3873: $? = 0
configure:3887: gcc -E  conftest.c
conftest.c:9:10: fatal error: 'ac_nonexistent.h' file not found
#include <ac_nonexistent.h>
         ^
1 error generated.
configure:3887: $? = 1
configure: failed program was:
| /* confdefs.h */
| #define PACKAGE_NAME ""
| #define PACKAGE_TARNAME ""
| #define PACKAGE_VERSION ""
| #define PACKAGE_STRING ""
| #define PACKAGE_BUGREPORT ""
| #define PACKAGE_URL ""
| /* end confdefs.h.  */
| #include <ac_nonexistent.h>
configure:3916: checking for grep that handles long lines and -e
configure:3974: result: /usr/bin/grep
configure:3979: checking for egrep
configure:4041: result: /usr/bin/grep -E
configure:4047: checking whether gcc needs -traditional
conftest.c:9:10: fatal error: 'termio.h' file not found
#include <termio.h>
         ^
1 error generated.
configure:4081: result: no
configure:4090: checking for strdup
configure:4090: gcc -o conftest -g -O2   conftest.c  >&5
conftest.c:32:6: warning: incompatible redeclaration of library function 'strdup' [-Wincompatible-library-redeclaration]
char strdup ();
     ^
conftest.c:32:6: note: 'strdup' is a builtin with type 'char *(const char *)'
1 warning generated.
configure:4090: $? = 0
configure:4090: result: yes
configure:4099: checking for ANSI C header files
configure:4119: gcc -c -g -O2  conftest.c >&5
configure:4119: $? = 0
configure:4192: gcc -o conftest -g -O2   conftest.c  >&5
configure:4192: $? = 0
configure:4192: ./conftest
configure:4192: $? = 0
configure:4203: result: yes
configure:4216: checking for sys/types.h
configure:4216: gcc -c -g -O2  conftest.c >&5
configure:4216: $? = 0
configure:4216: result: yes
configure:4216: checking for sys/stat.h
configure:4216: gcc -c -g -O2  conftest.c >&5
configure:4216: $? = 0
configure:4216: result: yes
configure:4216: checking for stdlib.h
configure:4216: gcc -c -g -O2  conftest.c >&5
configure:4216: $? = 0
configure:4216: result: yes
configure:4216: checking for string.h
configure:4216: gcc -c -g -O2  conftest.c >&5
configure:4216: $? = 0
configure:4216: result: yes
configure:4216: checking for memory.h
configure:4216: gcc -c -g -O2  conftest.c >&5
configure:4216: $? = 0
configure:4216: result: yes
configure:4216: checking for strings.h
configure:4216: gcc -c -g -O2  conftest.c >&5
configure:4216: $? = 0
configure:4216: result: yes
configure:4216: checking for inttypes.h
configure:4216: gcc -c -g -O2  conftest.c >&5
configure:4216: $? = 0
configure:4216: result: yes
configure:4216: checking for stdint.h
configure:4216: gcc -c -g -O2  conftest.c >&5
configure:4216: $? = 0
configure:4216: result: yes
configure:4216: checking for unistd.h
configure:4216: gcc -c -g -O2  conftest.c >&5
configure:4216: $? = 0
configure:4216: result: yes
configure:4228: checking whether byte ordering is bigendian
configure:4243: gcc -c -g -O2  conftest.c >&5
configure:4243: $? = 0
configure:4288: gcc -c -g -O2  conftest.c >&5
configure:4288: $? = 0
configure:4306: gcc -c -g -O2  conftest.c >&5
conftest.c:27:4: error: use of undeclared identifier 'not'
                 not big endian
                 ^
1 error generated.
configure:4306: $? = 1
configure: failed program was:
| /* confdefs.h */
| #define PACKAGE_NAME ""
| #define PACKAGE_TARNAME ""
| #define PACKAGE_VERSION ""
| #define PACKAGE_STRING ""
| #define PACKAGE_BUGREPORT ""
| #define PACKAGE_URL ""
| #define HAVE_STRDUP 1
| #define STDC_HEADERS 1
| #define HAVE_SYS_TYPES_H 1
| #define HAVE_SYS_STAT_H 1
| #define HAVE_STDLIB_H 1
| #define HAVE_STRING_H 1
| #define HAVE_MEMORY_H 1
| #define HAVE_STRINGS_H 1
| #define HAVE_INTTYPES_H 1
| #define HAVE_STDINT_H 1
| #define HAVE_UNISTD_H 1
| /* end confdefs.h.  */
| #include <sys/types.h>
| 		#include <sys/param.h>
| 
| int
| main ()
| {
| #if BYTE_ORDER != BIG_ENDIAN
| 		 not big endian
| 		#endif
| 
|   ;
|   return 0;
| }
configure:4434: result: no
configure:4584: creating ./config.status

## ---------------------- ##
## Running config.status. ##
## ---------------------- ##

This file was extended by config.status, which was
generated by GNU Autoconf 2.69.  Invocation command line was

  CONFIG_FILES    = 
  CONFIG_HEADERS  = 
  CONFIG_LINKS    = 
  CONFIG_COMMANDS = 
  $ ./config.status 

on Elizabeths-MacBook-Pro.local

config.status:855: creating Makefile
config.status:855: creating Makeoptions
config.status:855: creating src/Makefile
config.status:855: creating src/defs.h
config.status:855: creating src/fftsrc/Makefile
config.status:855: creating src/gravity/Makefile
config.status:855: creating src/integrators/Makefile
config.status:855: creating src/microphysics/Makefile
config.status:855: creating src/reconstruction/Makefile
config.status:855: creating src/rsolvers/Makefile
config.status:855: creating src/particles/Makefile
config.status:855: creating src/star_particles/Makefile
config.status:855: creating src/tracers/Makefile
config.status:855: creating src/config.h
config.status:1030: src/config.h is unchanged

## ---------------- ##
## Cache variables. ##
## ---------------- ##

ac_cv_c_bigendian=no
ac_cv_c_compiler_gnu=yes
ac_cv_env_CC_set=
ac_cv_env_CC_value=
ac_cv_env_CFLAGS_set=
ac_cv_env_CFLAGS_value=
ac_cv_env_CPPFLAGS_set=
ac_cv_env_CPPFLAGS_value=
ac_cv_env_CPP_set=
ac_cv_env_CPP_value=
ac_cv_env_LDFLAGS_set=
ac_cv_env_LDFLAGS_value=
ac_cv_env_LIBS_set=
ac_cv_env_LIBS_value=
ac_cv_env_build_alias_set=
ac_cv_env_build_alias_value=
ac_cv_env_host_alias_set=
ac_cv_env_host_alias_value=
ac_cv_env_target_alias_set=
ac_cv_env_target_alias_value=
ac_cv_func_strdup=yes
ac_cv_header_inttypes_h=yes
ac_cv_header_memory_h=yes
ac_cv_header_stdc=yes
ac_cv_header_stdint_h=yes
ac_cv_header_stdlib_h=yes
ac_cv_header_string_h=yes
ac_cv_header_strings_h=yes
ac_cv_header_sys_stat_h=yes
ac_cv_header_sys_types_h=yes
ac_cv_header_unistd_h=yes
ac_cv_objext=o
ac_cv_path_EGREP='/usr/bin/grep -E'
ac_cv_path_GREP=/usr/bin/grep
ac_cv_path_install='/usr/bin/install -c'
ac_cv_prog_CPP='gcc -E'
ac_cv_prog_ac_ct_CC=gcc
ac_cv_prog_cc_c89=
ac_cv_prog_cc_g=yes
ac_cv_prog_gcc_traditional=no

## ----------------- ##
## Output variables. ##
## ----------------- ##

ACCURACY='SECOND_ORDER_PRIM'
A_CONFIGURE_DATE='Fri Mar 13 21:57:32 EDT 2015'
CC='gcc'
CFLAGS='-g -O2'
COMPILER_OPTS='-O3'
CONDUCTION_MODE='NO_THERMAL_CONDUCTION'
COOLING_MODE='NO_COOLING'
COORD='CARTESIAN'
CPP='gcc -E'
CPPFLAGS=''
DEBUG_MODE='OPTIMIZE'
DEFS='-DHAVE_CONFIG_H'
ECHO_C='\c'
ECHO_N=''
ECHO_T=''
EGREP='/usr/bin/grep -E'
EOS='ISOTHERMAL'
EXEEXT=''
FARGO_MODE='NO_FARGO'
FEEDBACK_DEFINE='NO_FEEDBACK'
FFT_MODE='FFT_ENABLED'
FLUX_DEF='HLLC_FLUX'
FLUX_NAME='hllc'
FOFC_MODE='NO_FIRST_ORDER_FLUX_CORRECTION'
GAS='HYDRO'
GREP='/usr/bin/grep'
H_CORRECTION_MODE='NO_H_CORRECTION'
INSTALL_DATA='${INSTALL} -m 644'
INSTALL_PROGRAM='${INSTALL}'
INSTALL_SCRIPT='${INSTALL}'
INTEGRATOR='vl'
INTEGRATOR_DEF='VL_INTEGRATOR'
L1_INFLOW_MODE='NO_L1_INFLOW'
LDFLAGS=''
LIBOBJS=''
LIBS=''
LTLIBOBJS=''
MCTRACERS_MODE='MCTRACERS'
MESH_REFINEMENT='NO_MESH_REFINEMENT'
MPI_MODE='NO_MPI_PARALLEL'
NSCALARS='0'
OBJEXT='o'
ORDER='2p'
PACKAGE_BUGREPORT=''
PACKAGE_NAME=''
PACKAGE_STRING=''
PACKAGE_TARNAME=''
PACKAGE_URL=''
PACKAGE_VERSION=''
PARTICLES_ALGORITHM='NO_PARTICLES'
PATH_SEPARATOR=':'
PRECISION='DOUBLE_PREC'
PROBLEM='besphere_tracer'
RESISTIVITY_MODE='NO_RESISTIVITY'
ROTATING_FRAME_MODE='NO_ROTATING_FRAME'
SELF_GRAVITY_ALGORITHM='SELF_GRAVITY_USING_FFT_OBC'
SELF_GRAVITY_DEFINE='SELF_GRAVITY'
SHEARING_BOX_MODE='NO_SHEARING_BOX'
SHELL='/bin/sh'
SPECIAL_RELATIVITY_MODE='NEWTONIAN'
STARPARSTRICT_MODE='NO_STRICT_STARPARTICLE_CREATION'
STAR_PARTICLE_MODE='STAR_PARTICLE'
TIMESTEPPING_MODE='NO_STS'
VFTRACERS_MODE='NO_VFTRACERS'
VISCOSITY_MODE='NO_VISCOSITY'
WARNING1='WARNING! This file has been automatically generated by configure.'
WARNING2='Any changes to it will be overwritten the next time configure is run.'
WRITE_GHOST_MODE='NO_WRITE_GHOST_CELLS'
ac_ct_CC='gcc'
bindir='${exec_prefix}/bin'
build_alias=''
datadir='${datarootdir}'
datarootdir='${prefix}/share'
docdir='${datarootdir}/doc/${PACKAGE}'
dvidir='${docdir}'
exec_prefix='${prefix}'
host_alias=''
htmldir='${docdir}'
includedir='${prefix}/include'
infodir='${datarootdir}/info'
libdir='${exec_prefix}/lib'
libexecdir='${exec_prefix}/libexec'
localedir='${datarootdir}/locale'
localstatedir='${prefix}/var'
mandir='${datarootdir}/man'
oldincludedir='/usr/include'
pdfdir='${docdir}'
prefix='/usr/local'
program_transform_name='s,x,x,'
psdir='${docdir}'
sbindir='${exec_prefix}/sbin'
sharedstatedir='${prefix}/com'
sysconfdir='${prefix}/etc'
target_alias=''

## ----------- ##
## confdefs.h. ##
## ----------- ##

/* confdefs.h */
#define PACKAGE_NAME ""
#define PACKAGE_TARNAME ""
#define PACKAGE_VERSION ""
#define PACKAGE_STRING ""
#define PACKAGE_BUGREPORT ""
#define PACKAGE_URL ""
#define HAVE_STRDUP 1
#define STDC_HEADERS 1
#define HAVE_SYS_TYPES_H 1
#define HAVE_SYS_STAT_H 1
#define HAVE_STDLIB_H 1
#define HAVE_STRING_H 1
#define HAVE_MEMORY_H 1
#define HAVE_STRINGS_H 1
#define HAVE_INTTYPES_H 1
#define HAVE_STDINT_H 1
#define HAVE_UNISTD_H 1

configure: exit 0
